<?xml version="1.0" encoding="UTF-8"?>
<!-- Generated by org.testng.reporters.JUnitReportReporter -->
<testsuite hostname="SASI-PD-228" failures="0" tests="2" name="tests.StudentPortalTest" time="16.310" errors="0" timestamp="2025-02-11T11:50:16 IST" skipped="0">
  <testcase classname="tests.StudentPortalTest" name="testUpdateDeleteStudent" time="3.404"/>
  <system-out/>
  <testcase classname="tests.StudentPortalTest" name="testAddStudent" time="12.906"/>
  <system-out/>
</testsuite> <!-- tests.StudentPortalTest -->
