<?xml version="1.0" encoding="UTF-8"?>
<!-- Generated by org.testng.reporters.JUnitReportReporter -->
<testsuite hostname="SASI-PD-228" failures="0" tests="2" name="tests.StudentPortalTest" time="35.746" errors="0" timestamp="2025-02-10T18:37:42 IST" skipped="0">
  <testcase classname="tests.StudentPortalTest" name="testAddStudent" time="22.799"/>
  <system-out/>
  <testcase classname="tests.StudentPortalTest" name="testUpdateDeleteStudent" time="12.947"/>
  <system-out/>
</testsuite> <!-- tests.StudentPortalTest -->
